<?xml version="1.0" encoding="UTF-8"?>
<!-- Generated by org.testng.reporters.JUnitReportReporter -->
<testsuite hostname="AjithR366" failures="0" tests="1" name="demoRajaji.Sample" time="8.036" errors="0" timestamp="2022-12-20T15:55:27 IST" skipped="0">
  <testcase classname="demoRajaji.Sample" name="test" time="8.036"/>
  <system-out/>
</testsuite> <!-- demoRajaji.Sample -->
