<?xml version="1.0" encoding="UTF-8"?>
<!-- Generated by org.testng.reporters.JUnitReportReporter -->
<testsuite hostname="AjithR366" failures="0" tests="2" name="testNgg.DataProviderBasic" time="0.771" errors="0" timestamp="2022-12-18T21:59:10 IST" skipped="0">
  <testcase classname="testNgg.DataProviderBasic" name="Config" time="0.335"/>
  <system-out/>
  <testcase classname="testNgg.DataProviderBasic" name="Config" time="0.436"/>
  <system-out/>
</testsuite> <!-- testNgg.DataProviderBasic -->
