<?xml version="1.0" encoding="UTF-8"?>
<!-- Generated by org.testng.reporters.JUnitReportReporter -->
<testsuite hostname="AjithR366" failures="0" tests="1" name="testNgg.ExcepHand" time="0.009" errors="0" timestamp="2022-12-12T20:49:44 IST" skipped="0">
  <testcase classname="testNgg.ExcepHand" name="m1" time="0.009"/>
  <system-out/>
</testsuite> <!-- testNgg.ExcepHand -->
