<?xml version="1.0" encoding="UTF-8"?>
<!-- Generated by org.testng.reporters.JUnitReportReporter -->
<testsuite hostname="AjithR366" failures="0" tests="4" name="testNgg.Demo1" time="5.670" errors="0" timestamp="2022-12-08T21:50:13 IST" skipped="0">
  <testcase classname="testNgg.Demo1" name="homePage" time="1.954"/>
  <system-out>
    <![CDATA[Homepage pass]]>
  </system-out>
  <testcase classname="testNgg.Demo1" name="loginPage" time="1.201"/>
  <system-out>
    <![CDATA[Login pass]]>
  </system-out>
  <testcase classname="testNgg.Demo1" name="homePage" time="1.233"/>
  <system-out>
    <![CDATA[Homepage pass]]>
  </system-out>
  <testcase classname="testNgg.Demo1" name="logoutPage" time="1.282"/>
  <system-out>
    <![CDATA[Logout pass]]>
  </system-out>
</testsuite> <!-- testNgg.Demo1 -->
