<?xml version="1.0" encoding="UTF-8"?>
<!-- Generated by org.testng.reporters.JUnitReportReporter -->
<testsuite hostname="AjithR366" failures="0" tests="2" name="testNgg.Demo4" time="10.512" errors="0" timestamp="2022-12-18T18:01:11 IST" skipped="0">
  <testcase classname="testNgg.Demo4" name="Config" time="4.131"/>
  <system-out/>
  <testcase classname="testNgg.Demo4" name="Config" time="6.381"/>
  <system-out/>
</testsuite> <!-- testNgg.Demo4 -->
