<?xml version="1.0" encoding="UTF-8"?>
<!-- Generated by org.testng.reporters.JUnitReportReporter -->
<testsuite hostname="AjithR366" failures="0" tests="3" name="testNgg.Demo3" time="22.041" errors="0" timestamp="2022-12-02T23:52:16 IST" skipped="0">
  <testcase classname="testNgg.Demo3" name="m2" time="5.907"/>
  <system-out/>
  <testcase classname="testNgg.Demo3" name="m1" time="6.975"/>
  <system-out/>
  <testcase classname="testNgg.Demo3" name="m3" time="9.159"/>
  <system-out/>
</testsuite> <!-- testNgg.Demo3 -->
