<?xml version="1.0" encoding="UTF-8"?>
<!-- Generated by org.testng.reporters.JUnitReportReporter -->
<testsuite hostname="AjithR366" failures="0" tests="1" name="testNGDemo.Batch3" time="0.014" errors="0" timestamp="2022-12-15T16:45:19 IST" skipped="0">
  <testcase classname="testNGDemo.Batch3" name="m3" time="0.014"/>
  <system-out/>
</testsuite> <!-- testNGDemo.Batch3 -->
