<?xml version="1.0" encoding="UTF-8"?>
<!-- Generated by org.testng.reporters.JUnitReportReporter -->
<testsuite hostname="AjithR366" failures="0" tests="4" name="testNGDemo.Demo1" time="0.024" errors="0" timestamp="2022-12-15T16:21:42 IST" skipped="0">
  <testcase classname="testNGDemo.Demo1" name="HomePage" time="0.003"/>
  <system-out/>
  <testcase classname="testNGDemo.Demo1" name="LoginPage" time="0.017"/>
  <system-out/>
  <testcase classname="testNGDemo.Demo1" name="LogoutPage" time="0.002"/>
  <system-out/>
  <testcase classname="testNGDemo.Demo1" name="m1" time="0.002"/>
  <system-out/>
</testsuite> <!-- testNGDemo.Demo1 -->
