<?xml version="1.0" encoding="UTF-8"?>
<!-- Generated by org.testng.reporters.JUnitReportReporter -->
<testsuite hostname="AjithR366" failures="0" tests="3" name="testngdemo.Demo11" time="16.683" errors="0" timestamp="2022-12-08T23:52:30 IST" skipped="0">
  <testcase classname="testngdemo.Demo11" name="loginPage" time="7.911"/>
  <system-out>
    <![CDATA[Login TC Pass]]>
  </system-out>
  <testcase classname="testngdemo.Demo11" name="logoutPage" time="3.051"/>
  <system-out>
    <![CDATA[Logout TC Pass]]>
  </system-out>
  <testcase classname="testngdemo.Demo11" name="homePage" time="5.721"/>
  <system-out>
    <![CDATA[Home TC Pass]]>
  </system-out>
</testsuite> <!-- testngdemo.Demo11 -->
