<?xml version="1.0" encoding="UTF-8"?>
<!-- Generated by org.testng.reporters.JUnitReportReporter -->
<testsuite hostname="AjithR366" failures="0" tests="1" name="testNGDemo.Batch2" time="0.013" errors="0" timestamp="2022-12-15T16:48:33 IST" skipped="0">
  <testcase classname="testNGDemo.Batch2" name="m2" time="0.013"/>
  <system-out/>
</testsuite> <!-- testNGDemo.Batch2 -->
